<?xml version="1.0" encoding="UTF-8" ?>
<testsuite tests="1" failures="0" name="com.nc.unc.AppTest" time="0.002" errors="0" skipped="0">
  <properties>
    <property name="java.runtime.name" value="Java(TM) SE Runtime Environment"/>
    <property name="java.vm.version" value="14.0.1+7"/>
    <property name="sun.boot.library.path" value="C:\Program Files\Java\jdk-14.0.1\bin"/>
    <property name="maven.multiModuleProjectDirectory" value="A:\NetCracker\Project\GitHub\nc-info-system"/>
    <property name="java.vm.vendor" value="Oracle Corporation"/>
    <property name="java.vendor.url" value="https://java.oracle.com/"/>
    <property name="guice.disable.misplaced.annotation.check" value="true"/>
    <property name="path.separator" value=";"/>
    <property name="java.vm.name" value="Java HotSpot(TM) 64-Bit Server VM"/>
    <property name="idea.launcher.port" value="58793"/>
    <property name="sun.os.patch.level" value=""/>
    <property name="user.script" value=""/>
    <property name="user.country" value="RU"/>
    <property name="sun.java.launcher" value="SUN_STANDARD"/>
    <property name="java.vm.specification.name" value="Java Virtual Machine Specification"/>
    <property name="user.dir" value="A:\NetCracker\Project\GitHub\nc-info-system"/>
    <property name="java.vm.compressedOopsMode" value="32-bit"/>
    <property name="java.runtime.version" value="14.0.1+7"/>
    <property name="os.arch" value="amd64"/>
    <property name="java.io.tmpdir" value="C:\Users\8523~1\AppData\Local\Temp\"/>
    <property name="line.separator" value="
"/>
    <property name="java.vm.specification.vendor" value="Oracle Corporation"/>
    <property name="user.variant" value=""/>
    <property name="os.name" value="Windows 10"/>
    <property name="maven.ext.class.path" value="C:\Program Files\JetBrains\IntelliJ IDEA Community Edition 2019.2.2\plugins\maven\lib\maven-event-listener.jar"/>
    <property name="classworlds.conf" value="A:\NetCracker\Project\Maven\apache-maven-3.6.3\bin\m2.conf"/>
    <property name="sun.jnu.encoding" value="Cp1251"/>
    <property name="java.library.path" value="C:\Program Files\Java\jdk-14.0.1\bin;C:\WINDOWS\Sun\Java\bin;C:\WINDOWS\system32;C:\WINDOWS;C:\Program Files (x86)\Common Files\Intel\Shared Libraries\redist\intel64_win\compiler;C:\Windows;C:\Windows\System32;C:\Program Files\Microsoft MPI\Bin\;C:\Program Files\Java\jdk-14.0.1\bin;C:\Program Files (x86)\Java\jre1.8.0_251\bin;C:\Program Files (x86)\Common Files\Oracle\Java\javapath;C:\Program Files (x86)\Java\jdk-14\bin;A:\NetCracker\Project\Maven\apache-maven-3.6.3\bin;A:\Soft\GCC\bin;C:\ProgramData\chocolatey\bin;A:\Soft\NASM;C:\Program Files\dotnet\;C:\Program Files (x86)\IncrediBuild;C:\Program Files (x86)\Microsoft SQL Server\150\Tools\Binn\;C:\Program Files\Microsoft SQL Server\150\Tools\Binn\;C:\Program Files (x86)\Microsoft SQL Server\150\DTS\Binn\;C:\Program Files\Microsoft SQL Server\150\DTS\Binn\;C:\Program Files\Microsoft SQL Server\Client SDK\ODBC\170\Tools\Binn\;C:\Program Files\NVIDIA Corporation\NVIDIA NvDLISR;C:\Program Files (x86)\NVIDIA Corporation\PhysX\Common;A:\Soft\Gpg4win\..\GnuPG\bin;A:\Soft\Brackets\command;C:\Program Files\nodejs\;C:\Program Files\Git\cmd;A:\Soft\GCC\bin;C:\Program Files\Java\jdk-14.0.1\bin;C:\Program Files (x86)\Java\jdk-14\bin;C:\Program Files (x86)\Java\jre1.8.0_251\bin;A:\NetCracker\Project\Maven\apache-maven-3.6.3\bin;A:\Soft\GCC\msys\1.0\bin;A:\masm32\bin;A:\Soft\NASM;C:\Users\Александр\AppData\Local\atom\bin;C:\Users\Александр\AppData\Roaming\npm;;."/>
    <property name="maven.conf" value="A:\NetCracker\Project\Maven\apache-maven-3.6.3/conf"/>
    <property name="jdk.debug" value="release"/>
    <property name="java.class.version" value="58.0"/>
    <property name="java.specification.name" value="Java Platform API Specification"/>
    <property name="sun.management.compiler" value="HotSpot 64-Bit Tiered Compilers"/>
    <property name="os.version" value="10.0"/>
    <property name="user.home" value="C:\Users\Александр"/>
    <property name="user.timezone" value="Europe/Samara"/>
    <property name="idea.launcher.bin.path" value="C:\Program Files\JetBrains\IntelliJ IDEA Community Edition 2019.2.2\bin"/>
    <property name="file.encoding" value="UTF-8"/>
    <property name="java.specification.version" value="14"/>
    <property name="user.name" value="Александр"/>
    <property name="java.class.path" value="A:\NetCracker\Project\Maven\apache-maven-3.6.3\boot\plexus-classworlds-2.6.0.jar;A:\NetCracker\Project\Maven\apache-maven-3.6.3\boot\plexus-classworlds.license;C:\Program Files\JetBrains\IntelliJ IDEA Community Edition 2019.2.2\lib\idea_rt.jar"/>
    <property name="idea.version2019.2.2" value="true"/>
    <property name="java.vm.specification.version" value="14"/>
    <property name="sun.arch.data.model" value="64"/>
    <property name="sun.java.command" value="com.intellij.rt.execution.application.AppMainV2 org.codehaus.classworlds.Launcher -Didea.version2019.2.2 package javafx:run"/>
    <property name="java.home" value="C:\Program Files\Java\jdk-14.0.1"/>
    <property name="user.language" value="ru"/>
    <property name="java.specification.vendor" value="Oracle Corporation"/>
    <property name="java.vm.info" value="mixed mode, sharing"/>
    <property name="java.version" value="14.0.1"/>
    <property name="java.vendor" value="Oracle Corporation"/>
    <property name="maven.home" value="A:\NetCracker\Project\Maven\apache-maven-3.6.3"/>
    <property name="file.separator" value="\"/>
    <property name="java.version.date" value="2020-04-14"/>
    <property name="java.vendor.url.bug" value="https://bugreport.java.com/bugreport/"/>
    <property name="sun.io.unicode.encoding" value="UnicodeLittle"/>
    <property name="sun.cpu.endian" value="little"/>
    <property name="sun.cpu.isalist" value="amd64"/>
  </properties>
  <testcase classname="com.nc.unc.AppTest" name="testApp" time="0.002"/>
</testsuite>